15:32:52 **** Incremental Build of configuration Debug for project ex-stack_string ****
make all 
Building file: ../ex-stack_string.c
Invoking: Cygwin C Compiler
gcc -O0 -g3 -Wall -c -fmessage-length=0 -MMD -MP -MF"ex-stack_string.d" -MT"ex-stack_string.d" -o "ex-stack_string.o" "../ex-stack_string.c"
cygwin warning:
  MS-DOS style path detected: D:\1809SWJ\Workspace\ex-stack_string\Debug
  Preferred POSIX equivalent is: /cygdrive/d/1809SWJ/Workspace/ex-stack_string/Debug
  CYGWIN environment variable option "nodosfilewarning" turns off this warning.
  Consult the user's guide for more details about POSIX paths:
    http://cygwin.com/cygwin-ug-net/using.html#using-pathnames
../ex-stack_string.c: In function 'main':
../ex-stack_string.c:71:7: warning: multi-character character constant [-Wmultichar]
  push('hong');    printStack();  // 1 »ðÀÔ
       ^
../ex-stack_string.c:71:2: warning: passing argument 1 of 'push' makes pointer from integer without a cast [enabled by default]
  push('hong');    printStack();  // 1 »ðÀÔ
  ^
../ex-stack_string.c:13:6: note: expected 'char *' but argument is of type 'int'
 void push(char *item){
      ^
../ex-stack_string.c:72:7: warning: multi-character character constant [-Wmultichar]
  push('kim');    printStack();  // 2 »ðÀÔ
       ^
../ex-stack_string.c:72:2: warning: passing argument 1 of 'push' makes pointer from integer without a cast [enabled by default]
  push('kim');    printStack();  // 2 »ðÀÔ
  ^
../ex-stack_string.c:13:6: note: expected 'char *' but argument is of type 'int'
 void push(char *item){
      ^
../ex-stack_string.c:73:7: warning: multi-character character constant [-Wmultichar]
  push('lee'); printStack();  // 3 »ðÀÔ
       ^
../ex-stack_string.c:73:2: warning: passing argument 1 of 'push' makes pointer from integer without a cast [enabled by default]
  push('lee'); printStack();  // 3 »ðÀÔ
  ^
../ex-stack_string.c:13:6: note: expected 'char *' but argument is of type 'int'
 void push(char *item){
      ^
Finished building: ../ex-stack_string.c
 
Building target: ex-stack_string.exe
Invoking: Cygwin C Linker
gcc  -o "ex-stack_string.exe"  ./ex-stack_string.o   
Finished building target: ex-stack_string.exe
 

15:32:53 Build Finished (took 640ms)

