15:29:51 **** Incremental Build of configuration Debug for project ex2-12-1 ****
make all 
Building file: ../ex2-12-1.c
Invoking: Cygwin C Compiler
gcc -O0 -g3 -Wall -c -fmessage-length=0 -MMD -MP -MF"ex2-12-1.d" -MT"ex2-12-1.d" -o "ex2-12-1.o" "../ex2-12-1.c"
cygwin warning:
  MS-DOS style path detected: D:\1809SWJ\Workspace\ex2-12-1\Debug
  Preferred POSIX equivalent is: /cygdrive/d/1809SWJ/Workspace/ex2-12-1/Debug
  CYGWIN environment variable option "nodosfilewarning" turns off this warning.
  Consult the user's guide for more details about POSIX paths:
    http://cygwin.com/cygwin-ug-net/using.html#using-pathnames
../ex2-12-1.c: In function 'main':
../ex2-12-1.c:11:18: warning: variable 'Lee' set but not used [-Wunused-but-set-variable]
  struct employee Lee;
                  ^
Finished building: ../ex2-12-1.c
 
Building target: ex2-12-1.exe
Invoking: Cygwin C Linker
gcc  -o "ex2-12-1.exe"  ./ex2-12-1.o   
Finished building target: ex2-12-1.exe
 

15:29:52 Build Finished (took 671ms)

